\BOOKMARK [0][-]{section*.2}{\376\377\000N\000e\000u\000t\000r\000i\000n\000o\000\040\000t\000r\000i\000d\000e\000n\000t\000\040\000p\000r\000o\000d\000u\000c\000t\000i\000o\000n\000\040\000a\000t\000\040\000M\000i\000c\000r\000o\000B\000o\000o\000N\000E\000\040\000a\000n\000d\000\040\000t\000h\000e\000\040\000S\000h\000o\000r\000t\000-\000B\000a\000s\000e\000l\000i\000n\000e\000\040\000N\000e\000u\000t\000r\000i\000n\000o\000\040\000P\000r\000o\000g\000r\000a\000m\000:\000\040\000S\000t\000a\000n\000d\000a\000r\000d\000\040\000M\000o\000d\000e\000l\000\040\000p\000r\000e\000d\000i\000c\000t\000i\000o\000n\000s\000\040\000a\000n\000d\000\040\000p\000r\000o\000b\000e\000s\000\040\000o\000f\000\040\000d\000a\000r\000k\000\040\000n\000e\000u\000t\000r\000i\000n\000o\000\040\000m\000o\000d\000e\000l\000s\000\040\000a\000n\000d\000\040\000o\000n\000-\000s\000h\000e\000l\000l\000\040\000Z\000\040\000e\000m\000i\000s\000s\000i\000o\000n}{}% 2
\BOOKMARK [1][-]{section*.1}{\376\377\000A\000b\000s\000t\000r\000a\000c\000t}{section*.2}% 1
\BOOKMARK [1][-]{section*.3}{\376\377\000I\000n\000t\000r\000o\000d\000u\000c\000t\000i\000o\000n}{section*.2}% 3
\BOOKMARK [1][-]{section*.4}{\376\377\000T\000r\000i\000d\000e\000n\000t\000\040\000p\000r\000o\000d\000u\000c\000t\000i\000o\000n\000\040\000i\000n\000\040\000t\000h\000e\000\040\000S\000t\000a\000n\000d\000a\000r\000d\000\040\000M\000o\000d\000e\000l}{section*.2}% 4
\BOOKMARK [2][-]{section*.5}{\376\377\000E\000f\000f\000e\000c\000t\000i\000v\000e\000\040\000L\000a\000g\000r\000a\000n\000g\000i\000a\000n\000\040\000a\000n\000d\000\040\000m\000a\000t\000r\000i\000x\000\040\000e\000l\000e\000m\000e\000n\000t}{section*.4}% 5
\BOOKMARK [2][-]{section*.6}{\376\377\000C\000o\000h\000e\000r\000e\000n\000t\000,\000\040\000d\000i\000f\000f\000r\000a\000c\000t\000i\000v\000e\000,\000\040\000a\000n\000d\000\040\000i\000n\000c\000o\000h\000e\000r\000e\000n\000t\000\040\000r\000e\000g\000i\000m\000e\000s}{section*.4}% 6
\BOOKMARK [2][-]{section*.7}{\376\377\000P\000h\000e\000n\000o\000m\000e\000n\000o\000l\000o\000g\000y\000\040\000a\000t\000\040\0001\000\040\000G\000e\000V}{section*.4}% 7
\BOOKMARK [1][-]{section*.8}{\376\377\000B\000e\000y\000o\000n\000d\000\040\000t\000h\000e\000\040\000S\000t\000a\000n\000d\000a\000r\000d\000\040\000M\000o\000d\000e\000l\000:\000\040\000d\000a\000r\000k\000\040\000n\000e\000u\000t\000r\000i\000n\000o\000\040\000m\000o\000d\000e\000l\000s}{section*.2}% 8
\BOOKMARK [2][-]{section*.9}{\376\377\000M\000o\000d\000e\000l\000\040\000s\000e\000t\000u\000p}{section*.8}% 9
\BOOKMARK [2][-]{section*.10}{\376\377\000T\000r\000i\000d\000e\000n\000t\040\023\000l\000i\000k\000e\000\040\000s\000i\000g\000n\000a\000l}{section*.8}% 10
\BOOKMARK [2][-]{section*.11}{\376\377\000C\000o\000n\000n\000e\000c\000t\000i\000o\000n\000\040\000t\000o\000\040\000t\000h\000e\000\040\000M\000i\000n\000i\000B\000o\000o\000N\000E\000\040\000e\000x\000c\000e\000s\000s\000\040\000a\000n\000d\000\040\000e\000x\000i\000s\000t\000i\000n\000g\000\040\000c\000o\000n\000s\000t\000r\000a\000i\000n\000t\000s}{section*.8}% 11
\BOOKMARK [1][-]{section*.12}{\376\377\000B\000e\000y\000o\000n\000d\000\040\000t\000h\000e\000\040\000S\000t\000a\000n\000d\000a\000r\000d\000\040\000M\000o\000d\000e\000l\000:\000\040\000o\000n\040\023\000s\000h\000e\000l\000l\000\040\000Z\000\040\000e\000m\000i\000s\000s\000i\000o\000n\000\040\000v\000i\000a\000\040\000t\000h\000e\000\040\000n\000e\000u\000t\000r\000i\000n\000o\040\023\000i\000n\000d\000u\000c\000e\000d\000\040\000i\000n\000v\000e\000r\000s\000e\000\040\000P\000r\000i\000m\000a\000k\000o\000f\000f\000\040\000p\000r\000o\000c\000e\000s\000s}{section*.2}% 12
\BOOKMARK [2][-]{section*.13}{\376\377\000M\000e\000c\000h\000a\000n\000i\000s\000m}{section*.12}% 13
\BOOKMARK [2][-]{section*.16}{\376\377\000C\000r\000o\000s\000s\000\040\000s\000e\000c\000t\000i\000o\000n\000\040\000a\000n\000d\000\040\000r\000e\000s\000o\000n\000a\000n\000c\000e\000\040\000e\000n\000h\000a\000n\000c\000e\000m\000e\000n\000t}{section*.12}% 14
\BOOKMARK [2][-]{section*.17}{\376\377\000D\000i\000s\000t\000i\000n\000g\000u\000i\000s\000h\000i\000n\000g\000\040\000t\000h\000e\000\040\000t\000w\000o\000\040\000B\000S\000M\000\040\000b\000e\000n\000c\000h\000m\000a\000r\000k\000s}{section*.12}% 15
\BOOKMARK [1][-]{section*.18}{\376\377\000C\000o\000m\000p\000u\000t\000a\000t\000i\000o\000n\000a\000l\000\040\000f\000r\000a\000m\000e\000w\000o\000r\000k\000\040\000a\000n\000d\000\040\000S\000B\000N\000\040\000c\000o\000n\000f\000i\000g\000u\000r\000a\000t\000i\000o\000n}{section*.2}% 16
\BOOKMARK [1][-]{section*.19}{\376\377\000R\000e\000s\000u\000l\000t\000s}{section*.2}% 17
\BOOKMARK [1][-]{section*.20}{\376\377\000C\000o\000n\000c\000l\000u\000s\000i\000o\000n\000s}{section*.2}% 18
\BOOKMARK [1][-]{section*.21}{\376\377\000A\000c\000k\000n\000o\000w\000l\000e\000d\000g\000m\000e\000n\000t\000s}{section*.2}% 19
\BOOKMARK [1][-]{section*.22}{\376\377\000R\000e\000f\000e\000r\000e\000n\000c\000e\000s}{section*.2}% 20
